Using pre-set license
Built from '2020.3/staging' branch; Version is '2020.3.14f1 (d0d1bb862f9d) revision 13685179'; Using compiler version '192528614'; Build Type 'Release'
OS: 'Windows 10 Pro; OS build 19043.1348; Version 2009; 64bit' Language: 'en' Physical Memory: 16172 MB
BatchMode: 1, IsHumanControllingUs: 0, StartBugReporterOnCrash: 0, Is64bit: 1, IsPro: 0

 COMMAND LINE ARGUMENTS:
C:\Program Files\Unity\Hub\Editor\2020.3.14f1\Editor\Unity.exe
-adb2
-batchMode
-noUpm
-name
AssetImportWorker0
-projectPath
C:/Users/Jack School/Documents/git/UVU_DGM1610_Fall2021/Personal Class Project
-logFile
Logs/AssetImportWorker0.log
-srvPort
65302
Successfully changed project path to: C:/Users/Jack School/Documents/git/UVU_DGM1610_Fall2021/Personal Class Project
C:/Users/Jack School/Documents/git/UVU_DGM1610_Fall2021/Personal Class Project
Using Asset Import Pipeline V2.
Refreshing native plugins compatible for Editor in 31.72 ms, found 2 plugins.
Preloading 0 native plugins for Editor in 0.00 ms.
Initialize engine version: 2020.3.14f1 (d0d1bb862f9d)
[Subsystems] Discovering subsystems at path C:/Program Files/Unity/Hub/Editor/2020.3.14f1/Editor/Data/Resources/UnitySubsystems
[Subsystems] Discovering subsystems at path C:/Users/Jack School/Documents/git/UVU_DGM1610_Fall2021/Personal Class Project/Assets
GfxDevice: creating device client; threaded=0
Direct3D:
    Version:  Direct3D 11.0 [level 11.1]
    Renderer: NVIDIA GeForce RTX 3060 (ID=0x2503)
    Vendor:   
    VRAM:     12143 MB
    Driver:   27.21.14.6172
Initialize mono
Mono path[0] = 'C:/Program Files/Unity/Hub/Editor/2020.3.14f1/Editor/Data/Managed'
Mono path[1] = 'C:/Program Files/Unity/Hub/Editor/2020.3.14f1/Editor/Data/MonoBleedingEdge/lib/mono/unityjit'
Mono config path = 'C:/Program Files/Unity/Hub/Editor/2020.3.14f1/Editor/Data/MonoBleedingEdge/etc'
Using monoOptions --debugger-agent=transport=dt_socket,embedding=1,server=y,suspend=n,address=127.0.0.1:56028
Begin MonoManager ReloadAssembly
Registering precompiled unity dll's ...
Register platform support module: C:/Program Files/Unity/Hub/Editor/2020.3.14f1/Editor/Data/PlaybackEngines/WebGLSupport/UnityEditor.WebGL.Extensions.dll
Register platform support module: C:/Program Files/Unity/Hub/Editor/2020.3.14f1/Editor/Data/PlaybackEngines/WindowsStandaloneSupport/UnityEditor.WindowsStandalone.Extensions.dll
Registered in 0.001466 seconds.
Native extension for WindowsStandalone target not found
Native extension for WebGL target not found
Refreshing native plugins compatible for Editor in 28.13 ms, found 2 plugins.
Preloading 0 native plugins for Editor in 0.00 ms.
Mono: successfully reloaded assembly
- Completed reload, in  0.740 seconds
Domain Reload Profiling:
	ReloadAssembly (741ms)
		BeginReloadAssembly (42ms)
			ExecutionOrderSort (0ms)
			DisableScriptedObjects (0ms)
			BackupInstance (0ms)
			ReleaseScriptingObjects (0ms)
			CreateAndSetChildDomain (1ms)
		EndReloadAssembly (295ms)
			LoadAssemblies (39ms)
			RebuildTransferFunctionScriptingTraits (0ms)
			SetupTypeCache (104ms)
			ReleaseScriptCaches (0ms)
			RebuildScriptCaches (21ms)
			SetupLoadedEditorAssemblies (119ms)
				LogAssemblyErrors (0ms)
				InitializePlatformSupportModulesInManaged (4ms)
				SetLoadedEditorAssemblies (0ms)
				RefreshPlugins (28ms)
				BeforeProcessingInitializeOnLoad (5ms)
				ProcessInitializeOnLoadAttributes (62ms)
				ProcessInitializeOnLoadMethodAttributes (20ms)
				AfterProcessingInitializeOnLoad (0ms)
				EditorAssembliesLoaded (0ms)
			ExecutionOrderSort2 (0ms)
			AwakeInstancesAfterBackupRestoration (0ms)
Platform modules already initialized, skipping
Registering precompiled user dll's ...
Registered in 0.002763 seconds.
Begin MonoManager ReloadAssembly
Native extension for WindowsStandalone target not found
Native extension for WebGL target not found
Refreshing native plugins compatible for Editor in 0.36 ms, found 2 plugins.
Preloading 0 native plugins for Editor in 0.00 ms.
Mono: successfully reloaded assembly
- Completed reload, in  0.719 seconds
Domain Reload Profiling:
	ReloadAssembly (719ms)
		BeginReloadAssembly (97ms)
			ExecutionOrderSort (0ms)
			DisableScriptedObjects (3ms)
			BackupInstance (0ms)
			ReleaseScriptingObjects (0ms)
			CreateAndSetChildDomain (13ms)
		EndReloadAssembly (579ms)
			LoadAssemblies (61ms)
			RebuildTransferFunctionScriptingTraits (0ms)
			SetupTypeCache (192ms)
			ReleaseScriptCaches (0ms)
			RebuildScriptCaches (31ms)
			SetupLoadedEditorAssemblies (230ms)
				LogAssemblyErrors (0ms)
				InitializePlatformSupportModulesInManaged (4ms)
				SetLoadedEditorAssemblies (0ms)
				RefreshPlugins (0ms)
				BeforeProcessingInitializeOnLoad (47ms)
				ProcessInitializeOnLoadAttributes (168ms)
				ProcessInitializeOnLoadMethodAttributes (7ms)
				AfterProcessingInitializeOnLoad (4ms)
				EditorAssembliesLoaded (0ms)
			ExecutionOrderSort2 (0ms)
			AwakeInstancesAfterBackupRestoration (4ms)
Platform modules already initialized, skipping
========================================================================
Worker process is ready to serve import requests
Launched and connected shader compiler UnityShaderCompiler.exe after 0.03 seconds
Refreshing native plugins compatible for Editor in 0.30 ms, found 2 plugins.
Preloading 0 native plugins for Editor in 0.00 ms.
Unloading 1915 Unused Serialized files (Serialized files now loaded: 0)
System memory in use before: 87.5 MB.
System memory in use after: 87.6 MB.

Unloading 18 unused Assets to reduce memory usage. Loaded Objects now: 2353.
Total: 1.515600 ms (FindLiveObjects: 0.137800 ms CreateObjectMapping: 0.051300 ms MarkObjects: 1.306500 ms  DeleteObjects: 0.018900 ms)

AssetImportParameters requested are different than current active one (requested -> active):
  custom:framework-win-MediaFoundation: 216162199b28c13a410421893ffa2e32 -> 
  custom:video-decoder-ogg-theora: a1e56fd34408186e4bbccfd4996cb3dc -> 
  custom:container-muxer-webm: aa71ff27fc2769a1b78a27578f13a17b -> 
  custom:container-demuxer-webm: 4f35f7cbe854078d1ac9338744f61a02 -> 
  custom:container-demuxer-ogg: 62fdf1f143b41e24485cea50d1cbac27 -> 
  custom:video-encoder-webm-vp8: eb34c28f22e8b96e1ab97ce403110664 -> 
  custom:video-decoder-webm-vp8: 9c59270c3fd7afecdb556c50c9e8de78 -> 
  custom:audio-decoder-ogg-vorbis: bf7c407c2cedff20999df2af8eb42d56 -> 
  custom:audio-encoder-webm-vorbis: bf7c407c2cedff20999df2af8eb42d56 -> 
========================================================================
Received Import Request.
  path: Assets/PreFabs/Canvas.prefab
  artifactKey: Guid(b77d7309df6b6f449a0a17e4aee26306) Importer(815301076,1909f56bfc062723c751e8b465ee728b)
Start importing Assets/PreFabs/Canvas.prefab using Guid(b77d7309df6b6f449a0a17e4aee26306) Importer(815301076,1909f56bfc062723c751e8b465ee728b)  -> (artifact id: '73e86a6e9a79938c4157c7d0aa7c63d6') in 0.074489 seconds 
  Import took 0.077278 seconds .

========================================================================
Received Import Request.
  Time since last request: 0.000184 seconds.
  path: Assets/PreFabs/Door.prefab
  artifactKey: Guid(a75b6561634b53147860f2d073f33719) Importer(815301076,1909f56bfc062723c751e8b465ee728b)
Start importing Assets/PreFabs/Door.prefab using Guid(a75b6561634b53147860f2d073f33719) Importer(815301076,1909f56bfc062723c751e8b465ee728b)  -> (artifact id: 'df54241182507c63401c6c00f70a4e72') in 0.015441 seconds 
  Import took 0.018043 seconds .

========================================================================
Received Import Request.
  Time since last request: 0.000165 seconds.
  path: Assets/PreFabs/Glass Case.prefab
  artifactKey: Guid(ce4960f88a4c6ac4cba64a36f3e6a0f8) Importer(815301076,1909f56bfc062723c751e8b465ee728b)
Start importing Assets/PreFabs/Glass Case.prefab using Guid(ce4960f88a4c6ac4cba64a36f3e6a0f8) Importer(815301076,1909f56bfc062723c751e8b465ee728b)  -> (artifact id: '430cd8aa553e6d0ba475d3a6e3d50d28') in 0.053538 seconds 
  Import took 0.056182 seconds .

========================================================================
Received Import Request.
  Time since last request: 0.000197 seconds.
  path: Assets/PreFabs/Place Point.prefab
  artifactKey: Guid(e7ddf3d149de60a4db7f05ac37cc38e8) Importer(815301076,1909f56bfc062723c751e8b465ee728b)
Start importing Assets/PreFabs/Place Point.prefab using Guid(e7ddf3d149de60a4db7f05ac37cc38e8) Importer(815301076,1909f56bfc062723c751e8b465ee728b)  -> (artifact id: 'dce7cf86047bbd55e3edc7cb4030acd9') in 0.011360 seconds 
  Import took 0.014224 seconds .

========================================================================
Received Import Request.
  Time since last request: 0.000147 seconds.
  path: Assets/PreFabs/Player.prefab
  artifactKey: Guid(cfe67054e1936084685086491f2ed563) Importer(815301076,1909f56bfc062723c751e8b465ee728b)
Start importing Assets/PreFabs/Player.prefab using Guid(cfe67054e1936084685086491f2ed563) Importer(815301076,1909f56bfc062723c751e8b465ee728b)  -> (artifact id: 'b64919cc773fa1bdf0a96423435c8652') in 0.012597 seconds 
  Import took 0.015651 seconds .

========================================================================
Received Import Request.
  Time since last request: 0.000190 seconds.
  path: Assets/PreFabs/Bullet.prefab
  artifactKey: Guid(1a03ab56fa096fb479a8f1b4d4d1fd28) Importer(815301076,1909f56bfc062723c751e8b465ee728b)
Start importing Assets/PreFabs/Bullet.prefab using Guid(1a03ab56fa096fb479a8f1b4d4d1fd28) Importer(815301076,1909f56bfc062723c751e8b465ee728b)  -> (artifact id: '936214336c237d541f22ac276492e4c6') in 0.012178 seconds 
  Import took 0.015325 seconds .

========================================================================
Received Import Request.
  Time since last request: 0.000161 seconds.
  path: Assets/PreFabs/GameManager.prefab
  artifactKey: Guid(5a764f3d817807f46b4b281614d0fbf1) Importer(815301076,1909f56bfc062723c751e8b465ee728b)
Start importing Assets/PreFabs/GameManager.prefab using Guid(5a764f3d817807f46b4b281614d0fbf1) Importer(815301076,1909f56bfc062723c751e8b465ee728b)  -> (artifact id: '2f9a19dd5c7c7acbdf4e19329c6b9be8') in 0.008852 seconds 
  Import took 0.011521 seconds .

========================================================================
Received Import Request.
  Time since last request: 0.000151 seconds.
  path: Assets/PreFabs/Terminal.prefab
  artifactKey: Guid(e49cd732aec59474c8e9ff70bc51bbd8) Importer(815301076,1909f56bfc062723c751e8b465ee728b)
Start importing Assets/PreFabs/Terminal.prefab using Guid(e49cd732aec59474c8e9ff70bc51bbd8) Importer(815301076,1909f56bfc062723c751e8b465ee728b)  -> (artifact id: '70353ca5a551eab91ec1a1279474e5c5') in 0.029864 seconds 
  Import took 0.032704 seconds .

========================================================================
Received Import Request.
  Time since last request: 0.000173 seconds.
  path: Assets/PreFabs/TempCam.prefab
  artifactKey: Guid(57698a2211d95fd4d807834e49441446) Importer(815301076,1909f56bfc062723c751e8b465ee728b)
Start importing Assets/PreFabs/TempCam.prefab using Guid(57698a2211d95fd4d807834e49441446) Importer(815301076,1909f56bfc062723c751e8b465ee728b)  -> (artifact id: 'f5a17769dcfed1273ea87a7fbc3cebff') in 0.015905 seconds 
  Import took 0.018488 seconds .

========================================================================
Received Import Request.
  Time since last request: 0.000139 seconds.
  path: Assets/PreFabs/Camera Object.prefab
  artifactKey: Guid(c26b1cb84bf466047bc3652914b4ff58) Importer(815301076,1909f56bfc062723c751e8b465ee728b)
Start importing Assets/PreFabs/Camera Object.prefab using Guid(c26b1cb84bf466047bc3652914b4ff58) Importer(815301076,1909f56bfc062723c751e8b465ee728b)  -> (artifact id: '008fdf3661ff7e078086d04af61ea47f') in 0.009534 seconds 
  Import took 0.011934 seconds .

========================================================================
Received Import Request.
  Time since last request: 0.000164 seconds.
  path: Assets/PreFabs/Little Guy.prefab
  artifactKey: Guid(a9fa1ba95c564eb489e3e05aa68b786a) Importer(815301076,1909f56bfc062723c751e8b465ee728b)
Start importing Assets/PreFabs/Little Guy.prefab using Guid(a9fa1ba95c564eb489e3e05aa68b786a) Importer(815301076,1909f56bfc062723c751e8b465ee728b)  -> (artifact id: '512398d8c303f2e8cdb694d5c82050c2') in 0.009784 seconds 
  Import took 0.013223 seconds .

AssetImportWorkerClient::OnTransportError - code=2 error=End of file
